Determining if the pthread_create exist failed with the following output:
Change Dir: /home/whayer/Projects/AtlasServer/AtlasServer/Qt/build-AtlasServer-Desktop_Qt_5_9_5_GCC_64bit-Debug/CMakeFiles/CMakeTmp

Run Build Command:"/usr/bin/make" "cmTC_fe7e1/fast"
/usr/bin/make -f CMakeFiles/cmTC_fe7e1.dir/build.make CMakeFiles/cmTC_fe7e1.dir/build
make[1]: Entering directory '/home/whayer/Projects/AtlasServer/AtlasServer/Qt/build-AtlasServer-Desktop_Qt_5_9_5_GCC_64bit-Debug/CMakeFiles/CMakeTmp'
Building C object CMakeFiles/cmTC_fe7e1.dir/CheckSymbolExists.c.o
/usr/bin/aarch64-linux-gnu-gcc     -o CMakeFiles/cmTC_fe7e1.dir/CheckSymbolExists.c.o   -c /home/whayer/Projects/AtlasServer/AtlasServer/Qt/build-AtlasServer-Desktop_Qt_5_9_5_GCC_64bit-Debug/CMakeFiles/CMakeTmp/CheckSymbolExists.c
Linking C executable cmTC_fe7e1
/usr/bin/cmake -E cmake_link_script CMakeFiles/cmTC_fe7e1.dir/link.txt --verbose=1
/usr/bin/aarch64-linux-gnu-gcc       CMakeFiles/cmTC_fe7e1.dir/CheckSymbolExists.c.o  -o cmTC_fe7e1 -rdynamic 
CMakeFiles/cmTC_fe7e1.dir/CheckSymbolExists.c.o：在函数‘main’中：
CheckSymbolExists.c:(.text+0x14)：对‘pthread_create’未定义的引用
CheckSymbolExists.c:(.text+0x18)：对‘pthread_create’未定义的引用
collect2: error: ld returned 1 exit status
CMakeFiles/cmTC_fe7e1.dir/build.make:97: recipe for target 'cmTC_fe7e1' failed
make[1]: *** [cmTC_fe7e1] Error 1
make[1]: Leaving directory '/home/whayer/Projects/AtlasServer/AtlasServer/Qt/build-AtlasServer-Desktop_Qt_5_9_5_GCC_64bit-Debug/CMakeFiles/CMakeTmp'
Makefile:126: recipe for target 'cmTC_fe7e1/fast' failed
make: *** [cmTC_fe7e1/fast] Error 2

File /home/whayer/Projects/AtlasServer/AtlasServer/Qt/build-AtlasServer-Desktop_Qt_5_9_5_GCC_64bit-Debug/CMakeFiles/CMakeTmp/CheckSymbolExists.c:
/* */
#include <pthread.h>

int main(int argc, char** argv)
{
  (void)argv;
#ifndef pthread_create
  return ((int*)(&pthread_create))[argc];
#else
  (void)argc;
  return 0;
#endif
}

Determining if the function pthread_create exists in the pthreads failed with the following output:
Change Dir: /home/whayer/Projects/AtlasServer/AtlasServer/Qt/build-AtlasServer-Desktop_Qt_5_9_5_GCC_64bit-Debug/CMakeFiles/CMakeTmp

Run Build Command:"/usr/bin/make" "cmTC_c256f/fast"
/usr/bin/make -f CMakeFiles/cmTC_c256f.dir/build.make CMakeFiles/cmTC_c256f.dir/build
make[1]: Entering directory '/home/whayer/Projects/AtlasServer/AtlasServer/Qt/build-AtlasServer-Desktop_Qt_5_9_5_GCC_64bit-Debug/CMakeFiles/CMakeTmp'
Building C object CMakeFiles/cmTC_c256f.dir/CheckFunctionExists.c.o
/usr/bin/aarch64-linux-gnu-gcc    -DCHECK_FUNCTION_EXISTS=pthread_create   -o CMakeFiles/cmTC_c256f.dir/CheckFunctionExists.c.o   -c /usr/share/cmake-3.5/Modules/CheckFunctionExists.c
Linking C executable cmTC_c256f
/usr/bin/cmake -E cmake_link_script CMakeFiles/cmTC_c256f.dir/link.txt --verbose=1
/usr/bin/aarch64-linux-gnu-gcc   -DCHECK_FUNCTION_EXISTS=pthread_create    CMakeFiles/cmTC_c256f.dir/CheckFunctionExists.c.o  -o cmTC_c256f -rdynamic -lpthreads 
/usr/lib/gcc-cross/aarch64-linux-gnu/5/../../../../aarch64-linux-gnu/bin/ld: 找不到 -lpthreads
collect2: error: ld returned 1 exit status
CMakeFiles/cmTC_c256f.dir/build.make:97: recipe for target 'cmTC_c256f' failed
make[1]: *** [cmTC_c256f] Error 1
make[1]: Leaving directory '/home/whayer/Projects/AtlasServer/AtlasServer/Qt/build-AtlasServer-Desktop_Qt_5_9_5_GCC_64bit-Debug/CMakeFiles/CMakeTmp'
Makefile:126: recipe for target 'cmTC_c256f/fast' failed
make: *** [cmTC_c256f/fast] Error 2


