The system is: Linux - 4.15.0-99-generic - x86_64
Compiling the C compiler identification source file "CMakeCCompilerId.c" succeeded.
Compiler: /usr/bin/aarch64-linux-gnu-gcc 
Build flags: 
Id flags: 

The output was:
0


Compilation of the C compiler identification source "CMakeCCompilerId.c" produced "a.out"

The C compiler identification is GNU, found in "/home/whayer/Projects/AtlasServer/AtlasServer/Qt/build-AtlasServer-Desktop_Qt_5_9_5_GCC_64bit-Debug/CMakeFiles/3.5.1/CompilerIdC/a.out"

Compiling the CXX compiler identification source file "CMakeCXXCompilerId.cpp" succeeded.
Compiler: /usr/bin/aarch64-linux-gnu-g++ 
Build flags: 
Id flags: 

The output was:
0


Compilation of the CXX compiler identification source "CMakeCXXCompilerId.cpp" produced "a.out"

The CXX compiler identification is GNU, found in "/home/whayer/Projects/AtlasServer/AtlasServer/Qt/build-AtlasServer-Desktop_Qt_5_9_5_GCC_64bit-Debug/CMakeFiles/3.5.1/CompilerIdCXX/a.out"

Determining if the C compiler works passed with the following output:
Change Dir: /home/whayer/Projects/AtlasServer/AtlasServer/Qt/build-AtlasServer-Desktop_Qt_5_9_5_GCC_64bit-Debug/CMakeFiles/CMakeTmp

Run Build Command:"/usr/bin/make" "cmTC_7918b/fast"
/usr/bin/make -f CMakeFiles/cmTC_7918b.dir/build.make CMakeFiles/cmTC_7918b.dir/build
make[1]: Entering directory '/home/whayer/Projects/AtlasServer/AtlasServer/Qt/build-AtlasServer-Desktop_Qt_5_9_5_GCC_64bit-Debug/CMakeFiles/CMakeTmp'
Building C object CMakeFiles/cmTC_7918b.dir/testCCompiler.c.o
/usr/bin/aarch64-linux-gnu-gcc     -o CMakeFiles/cmTC_7918b.dir/testCCompiler.c.o   -c /home/whayer/Projects/AtlasServer/AtlasServer/Qt/build-AtlasServer-Desktop_Qt_5_9_5_GCC_64bit-Debug/CMakeFiles/CMakeTmp/testCCompiler.c
Linking C executable cmTC_7918b
/usr/bin/cmake -E cmake_link_script CMakeFiles/cmTC_7918b.dir/link.txt --verbose=1
/usr/bin/aarch64-linux-gnu-gcc       CMakeFiles/cmTC_7918b.dir/testCCompiler.c.o  -o cmTC_7918b -rdynamic 
make[1]: Leaving directory '/home/whayer/Projects/AtlasServer/AtlasServer/Qt/build-AtlasServer-Desktop_Qt_5_9_5_GCC_64bit-Debug/CMakeFiles/CMakeTmp'


Detecting C compiler ABI info compiled with the following output:
Change Dir: /home/whayer/Projects/AtlasServer/AtlasServer/Qt/build-AtlasServer-Desktop_Qt_5_9_5_GCC_64bit-Debug/CMakeFiles/CMakeTmp

Run Build Command:"/usr/bin/make" "cmTC_53aa4/fast"
/usr/bin/make -f CMakeFiles/cmTC_53aa4.dir/build.make CMakeFiles/cmTC_53aa4.dir/build
make[1]: Entering directory '/home/whayer/Projects/AtlasServer/AtlasServer/Qt/build-AtlasServer-Desktop_Qt_5_9_5_GCC_64bit-Debug/CMakeFiles/CMakeTmp'
Building C object CMakeFiles/cmTC_53aa4.dir/CMakeCCompilerABI.c.o
/usr/bin/aarch64-linux-gnu-gcc     -o CMakeFiles/cmTC_53aa4.dir/CMakeCCompilerABI.c.o   -c /usr/share/cmake-3.5/Modules/CMakeCCompilerABI.c
Linking C executable cmTC_53aa4
/usr/bin/cmake -E cmake_link_script CMakeFiles/cmTC_53aa4.dir/link.txt --verbose=1
/usr/bin/aarch64-linux-gnu-gcc      -v CMakeFiles/cmTC_53aa4.dir/CMakeCCompilerABI.c.o  -o cmTC_53aa4 -rdynamic  
Using built-in specs.
COLLECT_GCC=/usr/bin/aarch64-linux-gnu-gcc
COLLECT_LTO_WRAPPER=/usr/lib/gcc-cross/aarch64-linux-gnu/5/lto-wrapper
Target: aarch64-linux-gnu
Configured with: ../src/configure -v --with-pkgversion='Ubuntu/Linaro 5.4.0-6ubuntu1~16.04.9' --with-bugurl=file:///usr/share/doc/gcc-5/README.Bugs --enable-languages=c,ada,c++,java,go,d,fortran,objc,obj-c++ --prefix=/usr --program-suffix=-5 --enable-shared --enable-linker-build-id --libexecdir=/usr/lib --without-included-gettext --enable-threads=posix --libdir=/usr/lib --enable-nls --with-sysroot=/ --enable-clocale=gnu --enable-libstdcxx-debug --enable-libstdcxx-time=yes --with-default-libstdcxx-abi=new --enable-gnu-unique-object --disable-libquadmath --enable-plugin --with-system-zlib --disable-browser-plugin --enable-java-awt=gtk --enable-gtk-cairo --with-java-home=/usr/lib/jvm/java-1.5.0-gcj-5-arm64-cross/jre --enable-java-home --with-jvm-root-dir=/usr/lib/jvm/java-1.5.0-gcj-5-arm64-cross --with-jvm-jar-dir=/usr/lib/jvm-exports/java-1.5.0-gcj-5-arm64-cross --with-arch-directory=aarch64 --with-ecj-jar=/usr/share/java/eclipse-ecj.jar --disable-libgcj --enable-multiarch --enable-fix-cortex-a53-843419 --disable-werror --enable-checking=release --build=x86_64-linux-gnu --host=x86_64-linux-gnu --target=aarch64-linux-gnu --program-prefix=aarch64-linux-gnu- --includedir=/usr/aarch64-linux-gnu/include
Thread model: posix
gcc version 5.4.0 20160609 (Ubuntu/Linaro 5.4.0-6ubuntu1~16.04.9) 
COMPILER_PATH=/usr/lib/gcc-cross/aarch64-linux-gnu/5/:/usr/lib/gcc-cross/aarch64-linux-gnu/5/:/usr/lib/gcc-cross/aarch64-linux-gnu/:/usr/lib/gcc-cross/aarch64-linux-gnu/5/:/usr/lib/gcc-cross/aarch64-linux-gnu/:/usr/lib/gcc-cross/aarch64-linux-gnu/5/../../../../aarch64-linux-gnu/bin/
LIBRARY_PATH=/usr/lib/gcc-cross/aarch64-linux-gnu/5/:/usr/lib/gcc-cross/aarch64-linux-gnu/5/../../../../aarch64-linux-gnu/lib/../lib/:/lib/aarch64-linux-gnu/:/lib/../lib/:/usr/lib/aarch64-linux-gnu/:/usr/lib/../lib/:/usr/lib/gcc-cross/aarch64-linux-gnu/5/../../../../aarch64-linux-gnu/lib/:/lib/:/usr/lib/
COLLECT_GCC_OPTIONS='-v' '-o' 'cmTC_53aa4' '-rdynamic' '-mlittle-endian' '-mabi=lp64'
 /usr/lib/gcc-cross/aarch64-linux-gnu/5/collect2 -plugin /usr/lib/gcc-cross/aarch64-linux-gnu/5/liblto_plugin.so -plugin-opt=/usr/lib/gcc-cross/aarch64-linux-gnu/5/lto-wrapper -plugin-opt=-fresolution=/tmp/ccEMdMBJ.res -plugin-opt=-pass-through=-lgcc -plugin-opt=-pass-through=-lgcc_s -plugin-opt=-pass-through=-lc -plugin-opt=-pass-through=-lgcc -plugin-opt=-pass-through=-lgcc_s --sysroot=/ --build-id --eh-frame-hdr --hash-style=gnu --as-needed -export-dynamic -dynamic-linker /lib/ld-linux-aarch64.so.1 -X -EL -maarch64linux --fix-cortex-a53-843419 -z relro -o cmTC_53aa4 /usr/lib/gcc-cross/aarch64-linux-gnu/5/../../../../aarch64-linux-gnu/lib/../lib/crt1.o /usr/lib/gcc-cross/aarch64-linux-gnu/5/../../../../aarch64-linux-gnu/lib/../lib/crti.o /usr/lib/gcc-cross/aarch64-linux-gnu/5/crtbegin.o -L/usr/lib/gcc-cross/aarch64-linux-gnu/5 -L/usr/lib/gcc-cross/aarch64-linux-gnu/5/../../../../aarch64-linux-gnu/lib/../lib -L/lib/aarch64-linux-gnu -L/lib/../lib -L/usr/lib/aarch64-linux-gnu -L/usr/lib/../lib -L/usr/lib/gcc-cross/aarch64-linux-gnu/5/../../../../aarch64-linux-gnu/lib CMakeFiles/cmTC_53aa4.dir/CMakeCCompilerABI.c.o -lgcc --as-needed -lgcc_s --no-as-needed -lc -lgcc --as-needed -lgcc_s --no-as-needed /usr/lib/gcc-cross/aarch64-linux-gnu/5/crtend.o /usr/lib/gcc-cross/aarch64-linux-gnu/5/../../../../aarch64-linux-gnu/lib/../lib/crtn.o
make[1]: Leaving directory '/home/whayer/Projects/AtlasServer/AtlasServer/Qt/build-AtlasServer-Desktop_Qt_5_9_5_GCC_64bit-Debug/CMakeFiles/CMakeTmp'


Parsed C implicit link information from above output:
  link line regex: [^( *|.*[/\])(aarch64-linux-gnu-ld|([^/\]+-)?ld|collect2)[^/\]*( |$)]
  ignore line: [Change Dir: /home/whayer/Projects/AtlasServer/AtlasServer/Qt/build-AtlasServer-Desktop_Qt_5_9_5_GCC_64bit-Debug/CMakeFiles/CMakeTmp]
  ignore line: []
  ignore line: [Run Build Command:"/usr/bin/make" "cmTC_53aa4/fast"]
  ignore line: [/usr/bin/make -f CMakeFiles/cmTC_53aa4.dir/build.make CMakeFiles/cmTC_53aa4.dir/build]
  ignore line: [make[1]: Entering directory '/home/whayer/Projects/AtlasServer/AtlasServer/Qt/build-AtlasServer-Desktop_Qt_5_9_5_GCC_64bit-Debug/CMakeFiles/CMakeTmp']
  ignore line: [Building C object CMakeFiles/cmTC_53aa4.dir/CMakeCCompilerABI.c.o]
  ignore line: [/usr/bin/aarch64-linux-gnu-gcc     -o CMakeFiles/cmTC_53aa4.dir/CMakeCCompilerABI.c.o   -c /usr/share/cmake-3.5/Modules/CMakeCCompilerABI.c]
  ignore line: [Linking C executable cmTC_53aa4]
  ignore line: [/usr/bin/cmake -E cmake_link_script CMakeFiles/cmTC_53aa4.dir/link.txt --verbose=1]
  ignore line: [/usr/bin/aarch64-linux-gnu-gcc      -v CMakeFiles/cmTC_53aa4.dir/CMakeCCompilerABI.c.o  -o cmTC_53aa4 -rdynamic  ]
  ignore line: [Using built-in specs.]
  ignore line: [COLLECT_GCC=/usr/bin/aarch64-linux-gnu-gcc]
  ignore line: [COLLECT_LTO_WRAPPER=/usr/lib/gcc-cross/aarch64-linux-gnu/5/lto-wrapper]
  ignore line: [Target: aarch64-linux-gnu]
  ignore line: [Configured with: ../src/configure -v --with-pkgversion='Ubuntu/Linaro 5.4.0-6ubuntu1~16.04.9' --with-bugurl=file:///usr/share/doc/gcc-5/README.Bugs --enable-languages=c,ada,c++,java,go,d,fortran,objc,obj-c++ --prefix=/usr --program-suffix=-5 --enable-shared --enable-linker-build-id --libexecdir=/usr/lib --without-included-gettext --enable-threads=posix --libdir=/usr/lib --enable-nls --with-sysroot=/ --enable-clocale=gnu --enable-libstdcxx-debug --enable-libstdcxx-time=yes --with-default-libstdcxx-abi=new --enable-gnu-unique-object --disable-libquadmath --enable-plugin --with-system-zlib --disable-browser-plugin --enable-java-awt=gtk --enable-gtk-cairo --with-java-home=/usr/lib/jvm/java-1.5.0-gcj-5-arm64-cross/jre --enable-java-home --with-jvm-root-dir=/usr/lib/jvm/java-1.5.0-gcj-5-arm64-cross --with-jvm-jar-dir=/usr/lib/jvm-exports/java-1.5.0-gcj-5-arm64-cross --with-arch-directory=aarch64 --with-ecj-jar=/usr/share/java/eclipse-ecj.jar --disable-libgcj --enable-multiarch --enable-fix-cortex-a53-843419 --disable-werror --enable-checking=release --build=x86_64-linux-gnu --host=x86_64-linux-gnu --target=aarch64-linux-gnu --program-prefix=aarch64-linux-gnu- --includedir=/usr/aarch64-linux-gnu/include]
  ignore line: [Thread model: posix]
  ignore line: [gcc version 5.4.0 20160609 (Ubuntu/Linaro 5.4.0-6ubuntu1~16.04.9) ]
  ignore line: [COMPILER_PATH=/usr/lib/gcc-cross/aarch64-linux-gnu/5/:/usr/lib/gcc-cross/aarch64-linux-gnu/5/:/usr/lib/gcc-cross/aarch64-linux-gnu/:/usr/lib/gcc-cross/aarch64-linux-gnu/5/:/usr/lib/gcc-cross/aarch64-linux-gnu/:/usr/lib/gcc-cross/aarch64-linux-gnu/5/../../../../aarch64-linux-gnu/bin/]
  ignore line: [LIBRARY_PATH=/usr/lib/gcc-cross/aarch64-linux-gnu/5/:/usr/lib/gcc-cross/aarch64-linux-gnu/5/../../../../aarch64-linux-gnu/lib/../lib/:/lib/aarch64-linux-gnu/:/lib/../lib/:/usr/lib/aarch64-linux-gnu/:/usr/lib/../lib/:/usr/lib/gcc-cross/aarch64-linux-gnu/5/../../../../aarch64-linux-gnu/lib/:/lib/:/usr/lib/]
  ignore line: [COLLECT_GCC_OPTIONS='-v' '-o' 'cmTC_53aa4' '-rdynamic' '-mlittle-endian' '-mabi=lp64']
  link line: [ /usr/lib/gcc-cross/aarch64-linux-gnu/5/collect2 -plugin /usr/lib/gcc-cross/aarch64-linux-gnu/5/liblto_plugin.so -plugin-opt=/usr/lib/gcc-cross/aarch64-linux-gnu/5/lto-wrapper -plugin-opt=-fresolution=/tmp/ccEMdMBJ.res -plugin-opt=-pass-through=-lgcc -plugin-opt=-pass-through=-lgcc_s -plugin-opt=-pass-through=-lc -plugin-opt=-pass-through=-lgcc -plugin-opt=-pass-through=-lgcc_s --sysroot=/ --build-id --eh-frame-hdr --hash-style=gnu --as-needed -export-dynamic -dynamic-linker /lib/ld-linux-aarch64.so.1 -X -EL -maarch64linux --fix-cortex-a53-843419 -z relro -o cmTC_53aa4 /usr/lib/gcc-cross/aarch64-linux-gnu/5/../../../../aarch64-linux-gnu/lib/../lib/crt1.o /usr/lib/gcc-cross/aarch64-linux-gnu/5/../../../../aarch64-linux-gnu/lib/../lib/crti.o /usr/lib/gcc-cross/aarch64-linux-gnu/5/crtbegin.o -L/usr/lib/gcc-cross/aarch64-linux-gnu/5 -L/usr/lib/gcc-cross/aarch64-linux-gnu/5/../../../../aarch64-linux-gnu/lib/../lib -L/lib/aarch64-linux-gnu -L/lib/../lib -L/usr/lib/aarch64-linux-gnu -L/usr/lib/../lib -L/usr/lib/gcc-cross/aarch64-linux-gnu/5/../../../../aarch64-linux-gnu/lib CMakeFiles/cmTC_53aa4.dir/CMakeCCompilerABI.c.o -lgcc --as-needed -lgcc_s --no-as-needed -lc -lgcc --as-needed -lgcc_s --no-as-needed /usr/lib/gcc-cross/aarch64-linux-gnu/5/crtend.o /usr/lib/gcc-cross/aarch64-linux-gnu/5/../../../../aarch64-linux-gnu/lib/../lib/crtn.o]
    arg [/usr/lib/gcc-cross/aarch64-linux-gnu/5/collect2] ==> ignore
    arg [-plugin] ==> ignore
    arg [/usr/lib/gcc-cross/aarch64-linux-gnu/5/liblto_plugin.so] ==> ignore
    arg [-plugin-opt=/usr/lib/gcc-cross/aarch64-linux-gnu/5/lto-wrapper] ==> ignore
    arg [-plugin-opt=-fresolution=/tmp/ccEMdMBJ.res] ==> ignore
    arg [-plugin-opt=-pass-through=-lgcc] ==> ignore
    arg [-plugin-opt=-pass-through=-lgcc_s] ==> ignore
    arg [-plugin-opt=-pass-through=-lc] ==> ignore
    arg [-plugin-opt=-pass-through=-lgcc] ==> ignore
    arg [-plugin-opt=-pass-through=-lgcc_s] ==> ignore
    arg [--sysroot=/] ==> ignore
    arg [--build-id] ==> ignore
    arg [--eh-frame-hdr] ==> ignore
    arg [--hash-style=gnu] ==> ignore
    arg [--as-needed] ==> ignore
    arg [-export-dynamic] ==> ignore
    arg [-dynamic-linker] ==> ignore
    arg [/lib/ld-linux-aarch64.so.1] ==> ignore
    arg [-X] ==> ignore
    arg [-EL] ==> ignore
    arg [-maarch64linux] ==> ignore
    arg [--fix-cortex-a53-843419] ==> ignore
    arg [-zrelro] ==> ignore
    arg [-o] ==> ignore
    arg [cmTC_53aa4] ==> ignore
    arg [/usr/lib/gcc-cross/aarch64-linux-gnu/5/../../../../aarch64-linux-gnu/lib/../lib/crt1.o] ==> ignore
    arg [/usr/lib/gcc-cross/aarch64-linux-gnu/5/../../../../aarch64-linux-gnu/lib/../lib/crti.o] ==> ignore
    arg [/usr/lib/gcc-cross/aarch64-linux-gnu/5/crtbegin.o] ==> ignore
    arg [-L/usr/lib/gcc-cross/aarch64-linux-gnu/5] ==> dir [/usr/lib/gcc-cross/aarch64-linux-gnu/5]
    arg [-L/usr/lib/gcc-cross/aarch64-linux-gnu/5/../../../../aarch64-linux-gnu/lib/../lib] ==> dir [/usr/lib/gcc-cross/aarch64-linux-gnu/5/../../../../aarch64-linux-gnu/lib/../lib]
    arg [-L/lib/aarch64-linux-gnu] ==> dir [/lib/aarch64-linux-gnu]
    arg [-L/lib/../lib] ==> dir [/lib/../lib]
    arg [-L/usr/lib/aarch64-linux-gnu] ==> dir [/usr/lib/aarch64-linux-gnu]
    arg [-L/usr/lib/../lib] ==> dir [/usr/lib/../lib]
    arg [-L/usr/lib/gcc-cross/aarch64-linux-gnu/5/../../../../aarch64-linux-gnu/lib] ==> dir [/usr/lib/gcc-cross/aarch64-linux-gnu/5/../../../../aarch64-linux-gnu/lib]
    arg [CMakeFiles/cmTC_53aa4.dir/CMakeCCompilerABI.c.o] ==> ignore
    arg [-lgcc] ==> lib [gcc]
    arg [--as-needed] ==> ignore
    arg [-lgcc_s] ==> lib [gcc_s]
    arg [--no-as-needed] ==> ignore
    arg [-lc] ==> lib [c]
    arg [-lgcc] ==> lib [gcc]
    arg [--as-needed] ==> ignore
    arg [-lgcc_s] ==> lib [gcc_s]
    arg [--no-as-needed] ==> ignore
    arg [/usr/lib/gcc-cross/aarch64-linux-gnu/5/crtend.o] ==> ignore
    arg [/usr/lib/gcc-cross/aarch64-linux-gnu/5/../../../../aarch64-linux-gnu/lib/../lib/crtn.o] ==> ignore
  remove lib [gcc]
  remove lib [gcc_s]
  remove lib [gcc]
  remove lib [gcc_s]
  collapse library dir [/usr/lib/gcc-cross/aarch64-linux-gnu/5] ==> [/usr/lib/gcc-cross/aarch64-linux-gnu/5]
  collapse library dir [/usr/lib/gcc-cross/aarch64-linux-gnu/5/../../../../aarch64-linux-gnu/lib/../lib] ==> [/usr/aarch64-linux-gnu/lib]
  collapse library dir [/lib/aarch64-linux-gnu] ==> [/lib/aarch64-linux-gnu]
  collapse library dir [/lib/../lib] ==> [/lib]
  collapse library dir [/usr/lib/aarch64-linux-gnu] ==> [/usr/lib/aarch64-linux-gnu]
  collapse library dir [/usr/lib/../lib] ==> [/usr/lib]
  collapse library dir [/usr/lib/gcc-cross/aarch64-linux-gnu/5/../../../../aarch64-linux-gnu/lib] ==> [/usr/aarch64-linux-gnu/lib]
  implicit libs: [c]
  implicit dirs: [/usr/lib/gcc-cross/aarch64-linux-gnu/5;/usr/aarch64-linux-gnu/lib;/lib/aarch64-linux-gnu;/lib;/usr/lib/aarch64-linux-gnu;/usr/lib]
  implicit fwks: []




Detecting C [-std=c11] compiler features compiled with the following output:
Change Dir: /home/whayer/Projects/AtlasServer/AtlasServer/Qt/build-AtlasServer-Desktop_Qt_5_9_5_GCC_64bit-Debug/CMakeFiles/CMakeTmp

Run Build Command:"/usr/bin/make" "cmTC_df2af/fast"
/usr/bin/make -f CMakeFiles/cmTC_df2af.dir/build.make CMakeFiles/cmTC_df2af.dir/build
make[1]: Entering directory '/home/whayer/Projects/AtlasServer/AtlasServer/Qt/build-AtlasServer-Desktop_Qt_5_9_5_GCC_64bit-Debug/CMakeFiles/CMakeTmp'
Building C object CMakeFiles/cmTC_df2af.dir/feature_tests.c.o
/usr/bin/aarch64-linux-gnu-gcc    -std=c11 -o CMakeFiles/cmTC_df2af.dir/feature_tests.c.o   -c /home/whayer/Projects/AtlasServer/AtlasServer/Qt/build-AtlasServer-Desktop_Qt_5_9_5_GCC_64bit-Debug/CMakeFiles/feature_tests.c
Linking C executable cmTC_df2af
/usr/bin/cmake -E cmake_link_script CMakeFiles/cmTC_df2af.dir/link.txt --verbose=1
/usr/bin/aarch64-linux-gnu-gcc       CMakeFiles/cmTC_df2af.dir/feature_tests.c.o  -o cmTC_df2af -rdynamic 
make[1]: Leaving directory '/home/whayer/Projects/AtlasServer/AtlasServer/Qt/build-AtlasServer-Desktop_Qt_5_9_5_GCC_64bit-Debug/CMakeFiles/CMakeTmp'


    Feature record: C_FEATURE:1c_function_prototypes
    Feature record: C_FEATURE:1c_restrict
    Feature record: C_FEATURE:1c_static_assert
    Feature record: C_FEATURE:1c_variadic_macros


Detecting C [-std=c99] compiler features compiled with the following output:
Change Dir: /home/whayer/Projects/AtlasServer/AtlasServer/Qt/build-AtlasServer-Desktop_Qt_5_9_5_GCC_64bit-Debug/CMakeFiles/CMakeTmp

Run Build Command:"/usr/bin/make" "cmTC_3b8a0/fast"
/usr/bin/make -f CMakeFiles/cmTC_3b8a0.dir/build.make CMakeFiles/cmTC_3b8a0.dir/build
make[1]: Entering directory '/home/whayer/Projects/AtlasServer/AtlasServer/Qt/build-AtlasServer-Desktop_Qt_5_9_5_GCC_64bit-Debug/CMakeFiles/CMakeTmp'
Building C object CMakeFiles/cmTC_3b8a0.dir/feature_tests.c.o
/usr/bin/aarch64-linux-gnu-gcc    -std=c99 -o CMakeFiles/cmTC_3b8a0.dir/feature_tests.c.o   -c /home/whayer/Projects/AtlasServer/AtlasServer/Qt/build-AtlasServer-Desktop_Qt_5_9_5_GCC_64bit-Debug/CMakeFiles/feature_tests.c
Linking C executable cmTC_3b8a0
/usr/bin/cmake -E cmake_link_script CMakeFiles/cmTC_3b8a0.dir/link.txt --verbose=1
/usr/bin/aarch64-linux-gnu-gcc       CMakeFiles/cmTC_3b8a0.dir/feature_tests.c.o  -o cmTC_3b8a0 -rdynamic 
make[1]: Leaving directory '/home/whayer/Projects/AtlasServer/AtlasServer/Qt/build-AtlasServer-Desktop_Qt_5_9_5_GCC_64bit-Debug/CMakeFiles/CMakeTmp'


    Feature record: C_FEATURE:1c_function_prototypes
    Feature record: C_FEATURE:1c_restrict
    Feature record: C_FEATURE:0c_static_assert
    Feature record: C_FEATURE:1c_variadic_macros


Detecting C [-std=c90] compiler features compiled with the following output:
Change Dir: /home/whayer/Projects/AtlasServer/AtlasServer/Qt/build-AtlasServer-Desktop_Qt_5_9_5_GCC_64bit-Debug/CMakeFiles/CMakeTmp

Run Build Command:"/usr/bin/make" "cmTC_1d7bf/fast"
/usr/bin/make -f CMakeFiles/cmTC_1d7bf.dir/build.make CMakeFiles/cmTC_1d7bf.dir/build
make[1]: Entering directory '/home/whayer/Projects/AtlasServer/AtlasServer/Qt/build-AtlasServer-Desktop_Qt_5_9_5_GCC_64bit-Debug/CMakeFiles/CMakeTmp'
Building C object CMakeFiles/cmTC_1d7bf.dir/feature_tests.c.o
/usr/bin/aarch64-linux-gnu-gcc    -std=c90 -o CMakeFiles/cmTC_1d7bf.dir/feature_tests.c.o   -c /home/whayer/Projects/AtlasServer/AtlasServer/Qt/build-AtlasServer-Desktop_Qt_5_9_5_GCC_64bit-Debug/CMakeFiles/feature_tests.c
Linking C executable cmTC_1d7bf
/usr/bin/cmake -E cmake_link_script CMakeFiles/cmTC_1d7bf.dir/link.txt --verbose=1
/usr/bin/aarch64-linux-gnu-gcc       CMakeFiles/cmTC_1d7bf.dir/feature_tests.c.o  -o cmTC_1d7bf -rdynamic 
make[1]: Leaving directory '/home/whayer/Projects/AtlasServer/AtlasServer/Qt/build-AtlasServer-Desktop_Qt_5_9_5_GCC_64bit-Debug/CMakeFiles/CMakeTmp'


    Feature record: C_FEATURE:1c_function_prototypes
    Feature record: C_FEATURE:0c_restrict
    Feature record: C_FEATURE:0c_static_assert
    Feature record: C_FEATURE:0c_variadic_macros
Determining if the CXX compiler works passed with the following output:
Change Dir: /home/whayer/Projects/AtlasServer/AtlasServer/Qt/build-AtlasServer-Desktop_Qt_5_9_5_GCC_64bit-Debug/CMakeFiles/CMakeTmp

Run Build Command:"/usr/bin/make" "cmTC_8a162/fast"
/usr/bin/make -f CMakeFiles/cmTC_8a162.dir/build.make CMakeFiles/cmTC_8a162.dir/build
make[1]: Entering directory '/home/whayer/Projects/AtlasServer/AtlasServer/Qt/build-AtlasServer-Desktop_Qt_5_9_5_GCC_64bit-Debug/CMakeFiles/CMakeTmp'
Building CXX object CMakeFiles/cmTC_8a162.dir/testCXXCompiler.cxx.o
/usr/bin/aarch64-linux-gnu-g++      -o CMakeFiles/cmTC_8a162.dir/testCXXCompiler.cxx.o -c /home/whayer/Projects/AtlasServer/AtlasServer/Qt/build-AtlasServer-Desktop_Qt_5_9_5_GCC_64bit-Debug/CMakeFiles/CMakeTmp/testCXXCompiler.cxx
Linking CXX executable cmTC_8a162
/usr/bin/cmake -E cmake_link_script CMakeFiles/cmTC_8a162.dir/link.txt --verbose=1
/usr/bin/aarch64-linux-gnu-g++        CMakeFiles/cmTC_8a162.dir/testCXXCompiler.cxx.o  -o cmTC_8a162 -rdynamic 
make[1]: Leaving directory '/home/whayer/Projects/AtlasServer/AtlasServer/Qt/build-AtlasServer-Desktop_Qt_5_9_5_GCC_64bit-Debug/CMakeFiles/CMakeTmp'


Detecting CXX compiler ABI info compiled with the following output:
Change Dir: /home/whayer/Projects/AtlasServer/AtlasServer/Qt/build-AtlasServer-Desktop_Qt_5_9_5_GCC_64bit-Debug/CMakeFiles/CMakeTmp

Run Build Command:"/usr/bin/make" "cmTC_9a34a/fast"
/usr/bin/make -f CMakeFiles/cmTC_9a34a.dir/build.make CMakeFiles/cmTC_9a34a.dir/build
make[1]: Entering directory '/home/whayer/Projects/AtlasServer/AtlasServer/Qt/build-AtlasServer-Desktop_Qt_5_9_5_GCC_64bit-Debug/CMakeFiles/CMakeTmp'
Building CXX object CMakeFiles/cmTC_9a34a.dir/CMakeCXXCompilerABI.cpp.o
/usr/bin/aarch64-linux-gnu-g++      -o CMakeFiles/cmTC_9a34a.dir/CMakeCXXCompilerABI.cpp.o -c /usr/share/cmake-3.5/Modules/CMakeCXXCompilerABI.cpp
Linking CXX executable cmTC_9a34a
/usr/bin/cmake -E cmake_link_script CMakeFiles/cmTC_9a34a.dir/link.txt --verbose=1
/usr/bin/aarch64-linux-gnu-g++       -v CMakeFiles/cmTC_9a34a.dir/CMakeCXXCompilerABI.cpp.o  -o cmTC_9a34a -rdynamic  
Using built-in specs.
COLLECT_GCC=/usr/bin/aarch64-linux-gnu-g++
COLLECT_LTO_WRAPPER=/usr/lib/gcc-cross/aarch64-linux-gnu/5/lto-wrapper
Target: aarch64-linux-gnu
Configured with: ../src/configure -v --with-pkgversion='Ubuntu/Linaro 5.4.0-6ubuntu1~16.04.9' --with-bugurl=file:///usr/share/doc/gcc-5/README.Bugs --enable-languages=c,ada,c++,java,go,d,fortran,objc,obj-c++ --prefix=/usr --program-suffix=-5 --enable-shared --enable-linker-build-id --libexecdir=/usr/lib --without-included-gettext --enable-threads=posix --libdir=/usr/lib --enable-nls --with-sysroot=/ --enable-clocale=gnu --enable-libstdcxx-debug --enable-libstdcxx-time=yes --with-default-libstdcxx-abi=new --enable-gnu-unique-object --disable-libquadmath --enable-plugin --with-system-zlib --disable-browser-plugin --enable-java-awt=gtk --enable-gtk-cairo --with-java-home=/usr/lib/jvm/java-1.5.0-gcj-5-arm64-cross/jre --enable-java-home --with-jvm-root-dir=/usr/lib/jvm/java-1.5.0-gcj-5-arm64-cross --with-jvm-jar-dir=/usr/lib/jvm-exports/java-1.5.0-gcj-5-arm64-cross --with-arch-directory=aarch64 --with-ecj-jar=/usr/share/java/eclipse-ecj.jar --disable-libgcj --enable-multiarch --enable-fix-cortex-a53-843419 --disable-werror --enable-checking=release --build=x86_64-linux-gnu --host=x86_64-linux-gnu --target=aarch64-linux-gnu --program-prefix=aarch64-linux-gnu- --includedir=/usr/aarch64-linux-gnu/include
Thread model: posix
gcc version 5.4.0 20160609 (Ubuntu/Linaro 5.4.0-6ubuntu1~16.04.9) 
COMPILER_PATH=/usr/lib/gcc-cross/aarch64-linux-gnu/5/:/usr/lib/gcc-cross/aarch64-linux-gnu/5/:/usr/lib/gcc-cross/aarch64-linux-gnu/:/usr/lib/gcc-cross/aarch64-linux-gnu/5/:/usr/lib/gcc-cross/aarch64-linux-gnu/:/usr/lib/gcc-cross/aarch64-linux-gnu/5/../../../../aarch64-linux-gnu/bin/
LIBRARY_PATH=/usr/lib/gcc-cross/aarch64-linux-gnu/5/:/usr/lib/gcc-cross/aarch64-linux-gnu/5/../../../../aarch64-linux-gnu/lib/../lib/:/lib/aarch64-linux-gnu/:/lib/../lib/:/usr/lib/aarch64-linux-gnu/:/usr/lib/../lib/:/usr/lib/gcc-cross/aarch64-linux-gnu/5/../../../../aarch64-linux-gnu/lib/:/lib/:/usr/lib/
COLLECT_GCC_OPTIONS='-v' '-o' 'cmTC_9a34a' '-rdynamic' '-shared-libgcc' '-mlittle-endian' '-mabi=lp64'
 /usr/lib/gcc-cross/aarch64-linux-gnu/5/collect2 -plugin /usr/lib/gcc-cross/aarch64-linux-gnu/5/liblto_plugin.so -plugin-opt=/usr/lib/gcc-cross/aarch64-linux-gnu/5/lto-wrapper -plugin-opt=-fresolution=/tmp/cc8hS2uZ.res -plugin-opt=-pass-through=-lgcc_s -plugin-opt=-pass-through=-lgcc -plugin-opt=-pass-through=-lc -plugin-opt=-pass-through=-lgcc_s -plugin-opt=-pass-through=-lgcc --sysroot=/ --build-id --eh-frame-hdr --hash-style=gnu --as-needed -export-dynamic -dynamic-linker /lib/ld-linux-aarch64.so.1 -X -EL -maarch64linux --fix-cortex-a53-843419 -z relro -o cmTC_9a34a /usr/lib/gcc-cross/aarch64-linux-gnu/5/../../../../aarch64-linux-gnu/lib/../lib/crt1.o /usr/lib/gcc-cross/aarch64-linux-gnu/5/../../../../aarch64-linux-gnu/lib/../lib/crti.o /usr/lib/gcc-cross/aarch64-linux-gnu/5/crtbegin.o -L/usr/lib/gcc-cross/aarch64-linux-gnu/5 -L/usr/lib/gcc-cross/aarch64-linux-gnu/5/../../../../aarch64-linux-gnu/lib/../lib -L/lib/aarch64-linux-gnu -L/lib/../lib -L/usr/lib/aarch64-linux-gnu -L/usr/lib/../lib -L/usr/lib/gcc-cross/aarch64-linux-gnu/5/../../../../aarch64-linux-gnu/lib CMakeFiles/cmTC_9a34a.dir/CMakeCXXCompilerABI.cpp.o -lstdc++ -lm -lgcc_s -lgcc -lc -lgcc_s -lgcc /usr/lib/gcc-cross/aarch64-linux-gnu/5/crtend.o /usr/lib/gcc-cross/aarch64-linux-gnu/5/../../../../aarch64-linux-gnu/lib/../lib/crtn.o
make[1]: Leaving directory '/home/whayer/Projects/AtlasServer/AtlasServer/Qt/build-AtlasServer-Desktop_Qt_5_9_5_GCC_64bit-Debug/CMakeFiles/CMakeTmp'


Parsed CXX implicit link information from above output:
  link line regex: [^( *|.*[/\])(aarch64-linux-gnu-ld|([^/\]+-)?ld|collect2)[^/\]*( |$)]
  ignore line: [Change Dir: /home/whayer/Projects/AtlasServer/AtlasServer/Qt/build-AtlasServer-Desktop_Qt_5_9_5_GCC_64bit-Debug/CMakeFiles/CMakeTmp]
  ignore line: []
  ignore line: [Run Build Command:"/usr/bin/make" "cmTC_9a34a/fast"]
  ignore line: [/usr/bin/make -f CMakeFiles/cmTC_9a34a.dir/build.make CMakeFiles/cmTC_9a34a.dir/build]
  ignore line: [make[1]: Entering directory '/home/whayer/Projects/AtlasServer/AtlasServer/Qt/build-AtlasServer-Desktop_Qt_5_9_5_GCC_64bit-Debug/CMakeFiles/CMakeTmp']
  ignore line: [Building CXX object CMakeFiles/cmTC_9a34a.dir/CMakeCXXCompilerABI.cpp.o]
  ignore line: [/usr/bin/aarch64-linux-gnu-g++      -o CMakeFiles/cmTC_9a34a.dir/CMakeCXXCompilerABI.cpp.o -c /usr/share/cmake-3.5/Modules/CMakeCXXCompilerABI.cpp]
  ignore line: [Linking CXX executable cmTC_9a34a]
  ignore line: [/usr/bin/cmake -E cmake_link_script CMakeFiles/cmTC_9a34a.dir/link.txt --verbose=1]
  ignore line: [/usr/bin/aarch64-linux-gnu-g++       -v CMakeFiles/cmTC_9a34a.dir/CMakeCXXCompilerABI.cpp.o  -o cmTC_9a34a -rdynamic  ]
  ignore line: [Using built-in specs.]
  ignore line: [COLLECT_GCC=/usr/bin/aarch64-linux-gnu-g++]
  ignore line: [COLLECT_LTO_WRAPPER=/usr/lib/gcc-cross/aarch64-linux-gnu/5/lto-wrapper]
  ignore line: [Target: aarch64-linux-gnu]
  ignore line: [Configured with: ../src/configure -v --with-pkgversion='Ubuntu/Linaro 5.4.0-6ubuntu1~16.04.9' --with-bugurl=file:///usr/share/doc/gcc-5/README.Bugs --enable-languages=c,ada,c++,java,go,d,fortran,objc,obj-c++ --prefix=/usr --program-suffix=-5 --enable-shared --enable-linker-build-id --libexecdir=/usr/lib --without-included-gettext --enable-threads=posix --libdir=/usr/lib --enable-nls --with-sysroot=/ --enable-clocale=gnu --enable-libstdcxx-debug --enable-libstdcxx-time=yes --with-default-libstdcxx-abi=new --enable-gnu-unique-object --disable-libquadmath --enable-plugin --with-system-zlib --disable-browser-plugin --enable-java-awt=gtk --enable-gtk-cairo --with-java-home=/usr/lib/jvm/java-1.5.0-gcj-5-arm64-cross/jre --enable-java-home --with-jvm-root-dir=/usr/lib/jvm/java-1.5.0-gcj-5-arm64-cross --with-jvm-jar-dir=/usr/lib/jvm-exports/java-1.5.0-gcj-5-arm64-cross --with-arch-directory=aarch64 --with-ecj-jar=/usr/share/java/eclipse-ecj.jar --disable-libgcj --enable-multiarch --enable-fix-cortex-a53-843419 --disable-werror --enable-checking=release --build=x86_64-linux-gnu --host=x86_64-linux-gnu --target=aarch64-linux-gnu --program-prefix=aarch64-linux-gnu- --includedir=/usr/aarch64-linux-gnu/include]
  ignore line: [Thread model: posix]
  ignore line: [gcc version 5.4.0 20160609 (Ubuntu/Linaro 5.4.0-6ubuntu1~16.04.9) ]
  ignore line: [COMPILER_PATH=/usr/lib/gcc-cross/aarch64-linux-gnu/5/:/usr/lib/gcc-cross/aarch64-linux-gnu/5/:/usr/lib/gcc-cross/aarch64-linux-gnu/:/usr/lib/gcc-cross/aarch64-linux-gnu/5/:/usr/lib/gcc-cross/aarch64-linux-gnu/:/usr/lib/gcc-cross/aarch64-linux-gnu/5/../../../../aarch64-linux-gnu/bin/]
  ignore line: [LIBRARY_PATH=/usr/lib/gcc-cross/aarch64-linux-gnu/5/:/usr/lib/gcc-cross/aarch64-linux-gnu/5/../../../../aarch64-linux-gnu/lib/../lib/:/lib/aarch64-linux-gnu/:/lib/../lib/:/usr/lib/aarch64-linux-gnu/:/usr/lib/../lib/:/usr/lib/gcc-cross/aarch64-linux-gnu/5/../../../../aarch64-linux-gnu/lib/:/lib/:/usr/lib/]
  ignore line: [COLLECT_GCC_OPTIONS='-v' '-o' 'cmTC_9a34a' '-rdynamic' '-shared-libgcc' '-mlittle-endian' '-mabi=lp64']
  link line: [ /usr/lib/gcc-cross/aarch64-linux-gnu/5/collect2 -plugin /usr/lib/gcc-cross/aarch64-linux-gnu/5/liblto_plugin.so -plugin-opt=/usr/lib/gcc-cross/aarch64-linux-gnu/5/lto-wrapper -plugin-opt=-fresolution=/tmp/cc8hS2uZ.res -plugin-opt=-pass-through=-lgcc_s -plugin-opt=-pass-through=-lgcc -plugin-opt=-pass-through=-lc -plugin-opt=-pass-through=-lgcc_s -plugin-opt=-pass-through=-lgcc --sysroot=/ --build-id --eh-frame-hdr --hash-style=gnu --as-needed -export-dynamic -dynamic-linker /lib/ld-linux-aarch64.so.1 -X -EL -maarch64linux --fix-cortex-a53-843419 -z relro -o cmTC_9a34a /usr/lib/gcc-cross/aarch64-linux-gnu/5/../../../../aarch64-linux-gnu/lib/../lib/crt1.o /usr/lib/gcc-cross/aarch64-linux-gnu/5/../../../../aarch64-linux-gnu/lib/../lib/crti.o /usr/lib/gcc-cross/aarch64-linux-gnu/5/crtbegin.o -L/usr/lib/gcc-cross/aarch64-linux-gnu/5 -L/usr/lib/gcc-cross/aarch64-linux-gnu/5/../../../../aarch64-linux-gnu/lib/../lib -L/lib/aarch64-linux-gnu -L/lib/../lib -L/usr/lib/aarch64-linux-gnu -L/usr/lib/../lib -L/usr/lib/gcc-cross/aarch64-linux-gnu/5/../../../../aarch64-linux-gnu/lib CMakeFiles/cmTC_9a34a.dir/CMakeCXXCompilerABI.cpp.o -lstdc++ -lm -lgcc_s -lgcc -lc -lgcc_s -lgcc /usr/lib/gcc-cross/aarch64-linux-gnu/5/crtend.o /usr/lib/gcc-cross/aarch64-linux-gnu/5/../../../../aarch64-linux-gnu/lib/../lib/crtn.o]
    arg [/usr/lib/gcc-cross/aarch64-linux-gnu/5/collect2] ==> ignore
    arg [-plugin] ==> ignore
    arg [/usr/lib/gcc-cross/aarch64-linux-gnu/5/liblto_plugin.so] ==> ignore
    arg [-plugin-opt=/usr/lib/gcc-cross/aarch64-linux-gnu/5/lto-wrapper] ==> ignore
    arg [-plugin-opt=-fresolution=/tmp/cc8hS2uZ.res] ==> ignore
    arg [-plugin-opt=-pass-through=-lgcc_s] ==> ignore
    arg [-plugin-opt=-pass-through=-lgcc] ==> ignore
    arg [-plugin-opt=-pass-through=-lc] ==> ignore
    arg [-plugin-opt=-pass-through=-lgcc_s] ==> ignore
    arg [-plugin-opt=-pass-through=-lgcc] ==> ignore
    arg [--sysroot=/] ==> ignore
    arg [--build-id] ==> ignore
    arg [--eh-frame-hdr] ==> ignore
    arg [--hash-style=gnu] ==> ignore
    arg [--as-needed] ==> ignore
    arg [-export-dynamic] ==> ignore
    arg [-dynamic-linker] ==> ignore
    arg [/lib/ld-linux-aarch64.so.1] ==> ignore
    arg [-X] ==> ignore
    arg [-EL] ==> ignore
    arg [-maarch64linux] ==> ignore
    arg [--fix-cortex-a53-843419] ==> ignore
    arg [-zrelro] ==> ignore
    arg [-o] ==> ignore
    arg [cmTC_9a34a] ==> ignore
    arg [/usr/lib/gcc-cross/aarch64-linux-gnu/5/../../../../aarch64-linux-gnu/lib/../lib/crt1.o] ==> ignore
    arg [/usr/lib/gcc-cross/aarch64-linux-gnu/5/../../../../aarch64-linux-gnu/lib/../lib/crti.o] ==> ignore
    arg [/usr/lib/gcc-cross/aarch64-linux-gnu/5/crtbegin.o] ==> ignore
    arg [-L/usr/lib/gcc-cross/aarch64-linux-gnu/5] ==> dir [/usr/lib/gcc-cross/aarch64-linux-gnu/5]
    arg [-L/usr/lib/gcc-cross/aarch64-linux-gnu/5/../../../../aarch64-linux-gnu/lib/../lib] ==> dir [/usr/lib/gcc-cross/aarch64-linux-gnu/5/../../../../aarch64-linux-gnu/lib/../lib]
    arg [-L/lib/aarch64-linux-gnu] ==> dir [/lib/aarch64-linux-gnu]
    arg [-L/lib/../lib] ==> dir [/lib/../lib]
    arg [-L/usr/lib/aarch64-linux-gnu] ==> dir [/usr/lib/aarch64-linux-gnu]
    arg [-L/usr/lib/../lib] ==> dir [/usr/lib/../lib]
    arg [-L/usr/lib/gcc-cross/aarch64-linux-gnu/5/../../../../aarch64-linux-gnu/lib] ==> dir [/usr/lib/gcc-cross/aarch64-linux-gnu/5/../../../../aarch64-linux-gnu/lib]
    arg [CMakeFiles/cmTC_9a34a.dir/CMakeCXXCompilerABI.cpp.o] ==> ignore
    arg [-lstdc++] ==> lib [stdc++]
    arg [-lm] ==> lib [m]
    arg [-lgcc_s] ==> lib [gcc_s]
    arg [-lgcc] ==> lib [gcc]
    arg [-lc] ==> lib [c]
    arg [-lgcc_s] ==> lib [gcc_s]
    arg [-lgcc] ==> lib [gcc]
    arg [/usr/lib/gcc-cross/aarch64-linux-gnu/5/crtend.o] ==> ignore
    arg [/usr/lib/gcc-cross/aarch64-linux-gnu/5/../../../../aarch64-linux-gnu/lib/../lib/crtn.o] ==> ignore
  remove lib [gcc_s]
  remove lib [gcc]
  remove lib [gcc_s]
  remove lib [gcc]
  collapse library dir [/usr/lib/gcc-cross/aarch64-linux-gnu/5] ==> [/usr/lib/gcc-cross/aarch64-linux-gnu/5]
  collapse library dir [/usr/lib/gcc-cross/aarch64-linux-gnu/5/../../../../aarch64-linux-gnu/lib/../lib] ==> [/usr/aarch64-linux-gnu/lib]
  collapse library dir [/lib/aarch64-linux-gnu] ==> [/lib/aarch64-linux-gnu]
  collapse library dir [/lib/../lib] ==> [/lib]
  collapse library dir [/usr/lib/aarch64-linux-gnu] ==> [/usr/lib/aarch64-linux-gnu]
  collapse library dir [/usr/lib/../lib] ==> [/usr/lib]
  collapse library dir [/usr/lib/gcc-cross/aarch64-linux-gnu/5/../../../../aarch64-linux-gnu/lib] ==> [/usr/aarch64-linux-gnu/lib]
  implicit libs: [stdc++;m;c]
  implicit dirs: [/usr/lib/gcc-cross/aarch64-linux-gnu/5;/usr/aarch64-linux-gnu/lib;/lib/aarch64-linux-gnu;/lib;/usr/lib/aarch64-linux-gnu;/usr/lib]
  implicit fwks: []




Detecting CXX [-std=c++14] compiler features compiled with the following output:
Change Dir: /home/whayer/Projects/AtlasServer/AtlasServer/Qt/build-AtlasServer-Desktop_Qt_5_9_5_GCC_64bit-Debug/CMakeFiles/CMakeTmp

Run Build Command:"/usr/bin/make" "cmTC_3e79a/fast"
/usr/bin/make -f CMakeFiles/cmTC_3e79a.dir/build.make CMakeFiles/cmTC_3e79a.dir/build
make[1]: Entering directory '/home/whayer/Projects/AtlasServer/AtlasServer/Qt/build-AtlasServer-Desktop_Qt_5_9_5_GCC_64bit-Debug/CMakeFiles/CMakeTmp'
Building CXX object CMakeFiles/cmTC_3e79a.dir/feature_tests.cxx.o
/usr/bin/aarch64-linux-gnu-g++     -std=c++14 -o CMakeFiles/cmTC_3e79a.dir/feature_tests.cxx.o -c /home/whayer/Projects/AtlasServer/AtlasServer/Qt/build-AtlasServer-Desktop_Qt_5_9_5_GCC_64bit-Debug/CMakeFiles/feature_tests.cxx
Linking CXX executable cmTC_3e79a
/usr/bin/cmake -E cmake_link_script CMakeFiles/cmTC_3e79a.dir/link.txt --verbose=1
/usr/bin/aarch64-linux-gnu-g++        CMakeFiles/cmTC_3e79a.dir/feature_tests.cxx.o  -o cmTC_3e79a -rdynamic 
make[1]: Leaving directory '/home/whayer/Projects/AtlasServer/AtlasServer/Qt/build-AtlasServer-Desktop_Qt_5_9_5_GCC_64bit-Debug/CMakeFiles/CMakeTmp'


    Feature record: CXX_FEATURE:1cxx_aggregate_default_initializers
    Feature record: CXX_FEATURE:1cxx_alias_templates
    Feature record: CXX_FEATURE:1cxx_alignas
    Feature record: CXX_FEATURE:1cxx_alignof
    Feature record: CXX_FEATURE:1cxx_attributes
    Feature record: CXX_FEATURE:1cxx_attribute_deprecated
    Feature record: CXX_FEATURE:1cxx_auto_type
    Feature record: CXX_FEATURE:1cxx_binary_literals
    Feature record: CXX_FEATURE:1cxx_constexpr
    Feature record: CXX_FEATURE:1cxx_contextual_conversions
    Feature record: CXX_FEATURE:1cxx_decltype
    Feature record: CXX_FEATURE:1cxx_decltype_auto
    Feature record: CXX_FEATURE:1cxx_decltype_incomplete_return_types
    Feature record: CXX_FEATURE:1cxx_default_function_template_args
    Feature record: CXX_FEATURE:1cxx_defaulted_functions
    Feature record: CXX_FEATURE:1cxx_defaulted_move_initializers
    Feature record: CXX_FEATURE:1cxx_delegating_constructors
    Feature record: CXX_FEATURE:1cxx_deleted_functions
    Feature record: CXX_FEATURE:1cxx_digit_separators
    Feature record: CXX_FEATURE:1cxx_enum_forward_declarations
    Feature record: CXX_FEATURE:1cxx_explicit_conversions
    Feature record: CXX_FEATURE:1cxx_extended_friend_declarations
    Feature record: CXX_FEATURE:1cxx_extern_templates
    Feature record: CXX_FEATURE:1cxx_final
    Feature record: CXX_FEATURE:1cxx_func_identifier
    Feature record: CXX_FEATURE:1cxx_generalized_initializers
    Feature record: CXX_FEATURE:1cxx_generic_lambdas
    Feature record: CXX_FEATURE:1cxx_inheriting_constructors
    Feature record: CXX_FEATURE:1cxx_inline_namespaces
    Feature record: CXX_FEATURE:1cxx_lambdas
    Feature record: CXX_FEATURE:1cxx_lambda_init_captures
    Feature record: CXX_FEATURE:1cxx_local_type_template_args
    Feature record: CXX_FEATURE:1cxx_long_long_type
    Feature record: CXX_FEATURE:1cxx_noexcept
    Feature record: CXX_FEATURE:1cxx_nonstatic_member_init
    Feature record: CXX_FEATURE:1cxx_nullptr
    Feature record: CXX_FEATURE:1cxx_override
    Feature record: CXX_FEATURE:1cxx_range_for
    Feature record: CXX_FEATURE:1cxx_raw_string_literals
    Feature record: CXX_FEATURE:1cxx_reference_qualified_functions
    Feature record: CXX_FEATURE:1cxx_relaxed_constexpr
    Feature record: CXX_FEATURE:1cxx_return_type_deduction
    Feature record: CXX_FEATURE:1cxx_right_angle_brackets
    Feature record: CXX_FEATURE:1cxx_rvalue_references
    Feature record: CXX_FEATURE:1cxx_sizeof_member
    Feature record: CXX_FEATURE:1cxx_static_assert
    Feature record: CXX_FEATURE:1cxx_strong_enums
    Feature record: CXX_FEATURE:1cxx_template_template_parameters
    Feature record: CXX_FEATURE:1cxx_thread_local
    Feature record: CXX_FEATURE:1cxx_trailing_return_types
    Feature record: CXX_FEATURE:1cxx_unicode_literals
    Feature record: CXX_FEATURE:1cxx_uniform_initialization
    Feature record: CXX_FEATURE:1cxx_unrestricted_unions
    Feature record: CXX_FEATURE:1cxx_user_literals
    Feature record: CXX_FEATURE:1cxx_variable_templates
    Feature record: CXX_FEATURE:1cxx_variadic_macros
    Feature record: CXX_FEATURE:1cxx_variadic_templates


Detecting CXX [-std=c++11] compiler features compiled with the following output:
Change Dir: /home/whayer/Projects/AtlasServer/AtlasServer/Qt/build-AtlasServer-Desktop_Qt_5_9_5_GCC_64bit-Debug/CMakeFiles/CMakeTmp

Run Build Command:"/usr/bin/make" "cmTC_de527/fast"
/usr/bin/make -f CMakeFiles/cmTC_de527.dir/build.make CMakeFiles/cmTC_de527.dir/build
make[1]: Entering directory '/home/whayer/Projects/AtlasServer/AtlasServer/Qt/build-AtlasServer-Desktop_Qt_5_9_5_GCC_64bit-Debug/CMakeFiles/CMakeTmp'
Building CXX object CMakeFiles/cmTC_de527.dir/feature_tests.cxx.o
/usr/bin/aarch64-linux-gnu-g++     -std=c++11 -o CMakeFiles/cmTC_de527.dir/feature_tests.cxx.o -c /home/whayer/Projects/AtlasServer/AtlasServer/Qt/build-AtlasServer-Desktop_Qt_5_9_5_GCC_64bit-Debug/CMakeFiles/feature_tests.cxx
Linking CXX executable cmTC_de527
/usr/bin/cmake -E cmake_link_script CMakeFiles/cmTC_de527.dir/link.txt --verbose=1
/usr/bin/aarch64-linux-gnu-g++        CMakeFiles/cmTC_de527.dir/feature_tests.cxx.o  -o cmTC_de527 -rdynamic 
make[1]: Leaving directory '/home/whayer/Projects/AtlasServer/AtlasServer/Qt/build-AtlasServer-Desktop_Qt_5_9_5_GCC_64bit-Debug/CMakeFiles/CMakeTmp'


    Feature record: CXX_FEATURE:0cxx_aggregate_default_initializers
    Feature record: CXX_FEATURE:1cxx_alias_templates
    Feature record: CXX_FEATURE:1cxx_alignas
    Feature record: CXX_FEATURE:1cxx_alignof
    Feature record: CXX_FEATURE:1cxx_attributes
    Feature record: CXX_FEATURE:0cxx_attribute_deprecated
    Feature record: CXX_FEATURE:1cxx_auto_type
    Feature record: CXX_FEATURE:0cxx_binary_literals
    Feature record: CXX_FEATURE:1cxx_constexpr
    Feature record: CXX_FEATURE:0cxx_contextual_conversions
    Feature record: CXX_FEATURE:1cxx_decltype
    Feature record: CXX_FEATURE:0cxx_decltype_auto
    Feature record: CXX_FEATURE:1cxx_decltype_incomplete_return_types
    Feature record: CXX_FEATURE:1cxx_default_function_template_args
    Feature record: CXX_FEATURE:1cxx_defaulted_functions
    Feature record: CXX_FEATURE:1cxx_defaulted_move_initializers
    Feature record: CXX_FEATURE:1cxx_delegating_constructors
    Feature record: CXX_FEATURE:1cxx_deleted_functions
    Feature record: CXX_FEATURE:0cxx_digit_separators
    Feature record: CXX_FEATURE:1cxx_enum_forward_declarations
    Feature record: CXX_FEATURE:1cxx_explicit_conversions
    Feature record: CXX_FEATURE:1cxx_extended_friend_declarations
    Feature record: CXX_FEATURE:1cxx_extern_templates
    Feature record: CXX_FEATURE:1cxx_final
    Feature record: CXX_FEATURE:1cxx_func_identifier
    Feature record: CXX_FEATURE:1cxx_generalized_initializers
    Feature record: CXX_FEATURE:0cxx_generic_lambdas
    Feature record: CXX_FEATURE:1cxx_inheriting_constructors
    Feature record: CXX_FEATURE:1cxx_inline_namespaces
    Feature record: CXX_FEATURE:1cxx_lambdas
    Feature record: CXX_FEATURE:0cxx_lambda_init_captures
    Feature record: CXX_FEATURE:1cxx_local_type_template_args
    Feature record: CXX_FEATURE:1cxx_long_long_type
    Feature record: CXX_FEATURE:1cxx_noexcept
    Feature record: CXX_FEATURE:1cxx_nonstatic_member_init
    Feature record: CXX_FEATURE:1cxx_nullptr
    Feature record: CXX_FEATURE:1cxx_override
    Feature record: CXX_FEATURE:1cxx_range_for
    Feature record: CXX_FEATURE:1cxx_raw_string_literals
    Feature record: CXX_FEATURE:1cxx_reference_qualified_functions
    Feature record: CXX_FEATURE:0cxx_relaxed_constexpr
    Feature record: CXX_FEATURE:0cxx_return_type_deduction
    Feature record: CXX_FEATURE:1cxx_right_angle_brackets
    Feature record: CXX_FEATURE:1cxx_rvalue_references
    Feature record: CXX_FEATURE:1cxx_sizeof_member
    Feature record: CXX_FEATURE:1cxx_static_assert
    Feature record: CXX_FEATURE:1cxx_strong_enums
    Feature record: CXX_FEATURE:1cxx_template_template_parameters
    Feature record: CXX_FEATURE:1cxx_thread_local
    Feature record: CXX_FEATURE:1cxx_trailing_return_types
    Feature record: CXX_FEATURE:1cxx_unicode_literals
    Feature record: CXX_FEATURE:1cxx_uniform_initialization
    Feature record: CXX_FEATURE:1cxx_unrestricted_unions
    Feature record: CXX_FEATURE:1cxx_user_literals
    Feature record: CXX_FEATURE:0cxx_variable_templates
    Feature record: CXX_FEATURE:1cxx_variadic_macros
    Feature record: CXX_FEATURE:1cxx_variadic_templates


Detecting CXX [-std=c++98] compiler features compiled with the following output:
Change Dir: /home/whayer/Projects/AtlasServer/AtlasServer/Qt/build-AtlasServer-Desktop_Qt_5_9_5_GCC_64bit-Debug/CMakeFiles/CMakeTmp

Run Build Command:"/usr/bin/make" "cmTC_30682/fast"
/usr/bin/make -f CMakeFiles/cmTC_30682.dir/build.make CMakeFiles/cmTC_30682.dir/build
make[1]: Entering directory '/home/whayer/Projects/AtlasServer/AtlasServer/Qt/build-AtlasServer-Desktop_Qt_5_9_5_GCC_64bit-Debug/CMakeFiles/CMakeTmp'
Building CXX object CMakeFiles/cmTC_30682.dir/feature_tests.cxx.o
/usr/bin/aarch64-linux-gnu-g++     -std=c++98 -o CMakeFiles/cmTC_30682.dir/feature_tests.cxx.o -c /home/whayer/Projects/AtlasServer/AtlasServer/Qt/build-AtlasServer-Desktop_Qt_5_9_5_GCC_64bit-Debug/CMakeFiles/feature_tests.cxx
Linking CXX executable cmTC_30682
/usr/bin/cmake -E cmake_link_script CMakeFiles/cmTC_30682.dir/link.txt --verbose=1
/usr/bin/aarch64-linux-gnu-g++        CMakeFiles/cmTC_30682.dir/feature_tests.cxx.o  -o cmTC_30682 -rdynamic 
make[1]: Leaving directory '/home/whayer/Projects/AtlasServer/AtlasServer/Qt/build-AtlasServer-Desktop_Qt_5_9_5_GCC_64bit-Debug/CMakeFiles/CMakeTmp'


    Feature record: CXX_FEATURE:0cxx_aggregate_default_initializers
    Feature record: CXX_FEATURE:0cxx_alias_templates
    Feature record: CXX_FEATURE:0cxx_alignas
    Feature record: CXX_FEATURE:0cxx_alignof
    Feature record: CXX_FEATURE:0cxx_attributes
    Feature record: CXX_FEATURE:0cxx_attribute_deprecated
    Feature record: CXX_FEATURE:0cxx_auto_type
    Feature record: CXX_FEATURE:0cxx_binary_literals
    Feature record: CXX_FEATURE:0cxx_constexpr
    Feature record: CXX_FEATURE:0cxx_contextual_conversions
    Feature record: CXX_FEATURE:0cxx_decltype
    Feature record: CXX_FEATURE:0cxx_decltype_auto
    Feature record: CXX_FEATURE:0cxx_decltype_incomplete_return_types
    Feature record: CXX_FEATURE:0cxx_default_function_template_args
    Feature record: CXX_FEATURE:0cxx_defaulted_functions
    Feature record: CXX_FEATURE:0cxx_defaulted_move_initializers
    Feature record: CXX_FEATURE:0cxx_delegating_constructors
    Feature record: CXX_FEATURE:0cxx_deleted_functions
    Feature record: CXX_FEATURE:0cxx_digit_separators
    Feature record: CXX_FEATURE:0cxx_enum_forward_declarations
    Feature record: CXX_FEATURE:0cxx_explicit_conversions
    Feature record: CXX_FEATURE:0cxx_extended_friend_declarations
    Feature record: CXX_FEATURE:0cxx_extern_templates
    Feature record: CXX_FEATURE:0cxx_final
    Feature record: CXX_FEATURE:0cxx_func_identifier
    Feature record: CXX_FEATURE:0cxx_generalized_initializers
    Feature record: CXX_FEATURE:0cxx_generic_lambdas
    Feature record: CXX_FEATURE:0cxx_inheriting_constructors
    Feature record: CXX_FEATURE:0cxx_inline_namespaces
    Feature record: CXX_FEATURE:0cxx_lambdas
    Feature record: CXX_FEATURE:0cxx_lambda_init_captures
    Feature record: CXX_FEATURE:0cxx_local_type_template_args
    Feature record: CXX_FEATURE:0cxx_long_long_type
    Feature record: CXX_FEATURE:0cxx_noexcept
    Feature record: CXX_FEATURE:0cxx_nonstatic_member_init
    Feature record: CXX_FEATURE:0cxx_nullptr
    Feature record: CXX_FEATURE:0cxx_override
    Feature record: CXX_FEATURE:0cxx_range_for
    Feature record: CXX_FEATURE:0cxx_raw_string_literals
    Feature record: CXX_FEATURE:0cxx_reference_qualified_functions
    Feature record: CXX_FEATURE:0cxx_relaxed_constexpr
    Feature record: CXX_FEATURE:0cxx_return_type_deduction
    Feature record: CXX_FEATURE:0cxx_right_angle_brackets
    Feature record: CXX_FEATURE:0cxx_rvalue_references
    Feature record: CXX_FEATURE:0cxx_sizeof_member
    Feature record: CXX_FEATURE:0cxx_static_assert
    Feature record: CXX_FEATURE:0cxx_strong_enums
    Feature record: CXX_FEATURE:1cxx_template_template_parameters
    Feature record: CXX_FEATURE:0cxx_thread_local
    Feature record: CXX_FEATURE:0cxx_trailing_return_types
    Feature record: CXX_FEATURE:0cxx_unicode_literals
    Feature record: CXX_FEATURE:0cxx_uniform_initialization
    Feature record: CXX_FEATURE:0cxx_unrestricted_unions
    Feature record: CXX_FEATURE:0cxx_user_literals
    Feature record: CXX_FEATURE:0cxx_variable_templates
    Feature record: CXX_FEATURE:0cxx_variadic_macros
    Feature record: CXX_FEATURE:0cxx_variadic_templates
Determining if the include file pthread.h exists passed with the following output:
Change Dir: /home/whayer/Projects/AtlasServer/AtlasServer/Qt/build-AtlasServer-Desktop_Qt_5_9_5_GCC_64bit-Debug/CMakeFiles/CMakeTmp

Run Build Command:"/usr/bin/make" "cmTC_4387a/fast"
/usr/bin/make -f CMakeFiles/cmTC_4387a.dir/build.make CMakeFiles/cmTC_4387a.dir/build
make[1]: Entering directory '/home/whayer/Projects/AtlasServer/AtlasServer/Qt/build-AtlasServer-Desktop_Qt_5_9_5_GCC_64bit-Debug/CMakeFiles/CMakeTmp'
Building C object CMakeFiles/cmTC_4387a.dir/CheckIncludeFile.c.o
/usr/bin/aarch64-linux-gnu-gcc     -o CMakeFiles/cmTC_4387a.dir/CheckIncludeFile.c.o   -c /home/whayer/Projects/AtlasServer/AtlasServer/Qt/build-AtlasServer-Desktop_Qt_5_9_5_GCC_64bit-Debug/CMakeFiles/CMakeTmp/CheckIncludeFile.c
Linking C executable cmTC_4387a
/usr/bin/cmake -E cmake_link_script CMakeFiles/cmTC_4387a.dir/link.txt --verbose=1
/usr/bin/aarch64-linux-gnu-gcc       CMakeFiles/cmTC_4387a.dir/CheckIncludeFile.c.o  -o cmTC_4387a -rdynamic 
make[1]: Leaving directory '/home/whayer/Projects/AtlasServer/AtlasServer/Qt/build-AtlasServer-Desktop_Qt_5_9_5_GCC_64bit-Debug/CMakeFiles/CMakeTmp'


Determining if the function pthread_create exists in the pthread passed with the following output:
Change Dir: /home/whayer/Projects/AtlasServer/AtlasServer/Qt/build-AtlasServer-Desktop_Qt_5_9_5_GCC_64bit-Debug/CMakeFiles/CMakeTmp

Run Build Command:"/usr/bin/make" "cmTC_f0cd1/fast"
/usr/bin/make -f CMakeFiles/cmTC_f0cd1.dir/build.make CMakeFiles/cmTC_f0cd1.dir/build
make[1]: Entering directory '/home/whayer/Projects/AtlasServer/AtlasServer/Qt/build-AtlasServer-Desktop_Qt_5_9_5_GCC_64bit-Debug/CMakeFiles/CMakeTmp'
Building C object CMakeFiles/cmTC_f0cd1.dir/CheckFunctionExists.c.o
/usr/bin/aarch64-linux-gnu-gcc    -DCHECK_FUNCTION_EXISTS=pthread_create   -o CMakeFiles/cmTC_f0cd1.dir/CheckFunctionExists.c.o   -c /usr/share/cmake-3.5/Modules/CheckFunctionExists.c
Linking C executable cmTC_f0cd1
/usr/bin/cmake -E cmake_link_script CMakeFiles/cmTC_f0cd1.dir/link.txt --verbose=1
/usr/bin/aarch64-linux-gnu-gcc   -DCHECK_FUNCTION_EXISTS=pthread_create    CMakeFiles/cmTC_f0cd1.dir/CheckFunctionExists.c.o  -o cmTC_f0cd1 -rdynamic -lpthread 
make[1]: Leaving directory '/home/whayer/Projects/AtlasServer/AtlasServer/Qt/build-AtlasServer-Desktop_Qt_5_9_5_GCC_64bit-Debug/CMakeFiles/CMakeTmp'


