Performing C SOURCE FILE Test CMAKE_HAVE_LIBC_PTHREAD failed with the following output:
Change Dir: /home/pc/work/code_view/whayer_work/Atlas200dk_Server/AtlasServer/cmake-build-debug-atlas200dk/CMakeFiles/CMakeTmp

Run Build Command(s):/usr/bin/make cmTC_5b8a1/fast && /usr/bin/make -f CMakeFiles/cmTC_5b8a1.dir/build.make CMakeFiles/cmTC_5b8a1.dir/build
make[1]: Entering directory '/home/pc/work/code_view/whayer_work/Atlas200dk_Server/AtlasServer/cmake-build-debug-atlas200dk/CMakeFiles/CMakeTmp'
Building C object CMakeFiles/cmTC_5b8a1.dir/src.c.o
/usr/bin/aarch64-linux-gnu-gcc   -DCMAKE_HAVE_LIBC_PTHREAD   -o CMakeFiles/cmTC_5b8a1.dir/src.c.o   -c /home/pc/work/code_view/whayer_work/Atlas200dk_Server/AtlasServer/cmake-build-debug-atlas200dk/CMakeFiles/CMakeTmp/src.c
Linking C executable cmTC_5b8a1
/home/pc/software/Clion/clion-2019.3.4/bin/cmake/linux/bin/cmake -E cmake_link_script CMakeFiles/cmTC_5b8a1.dir/link.txt --verbose=1
/usr/bin/aarch64-linux-gnu-gcc  -DCMAKE_HAVE_LIBC_PTHREAD    -rdynamic CMakeFiles/cmTC_5b8a1.dir/src.c.o  -o cmTC_5b8a1 
CMakeFiles/cmTC_5b8a1.dir/src.c.o：在函数‘main’中：
src.c:(.text+0x48)：对‘pthread_create’未定义的引用
src.c:(.text+0x50)：对‘pthread_detach’未定义的引用
src.c:(.text+0x5c)：对‘pthread_join’未定义的引用
src.c:(.text+0x6c)：对‘pthread_atfork’未定义的引用
collect2: error: ld returned 1 exit status
CMakeFiles/cmTC_5b8a1.dir/build.make:86: recipe for target 'cmTC_5b8a1' failed
make[1]: *** [cmTC_5b8a1] Error 1
make[1]: Leaving directory '/home/pc/work/code_view/whayer_work/Atlas200dk_Server/AtlasServer/cmake-build-debug-atlas200dk/CMakeFiles/CMakeTmp'
Makefile:121: recipe for target 'cmTC_5b8a1/fast' failed
make: *** [cmTC_5b8a1/fast] Error 2


Source file was:
#include <pthread.h>

void* test_func(void* data)
{
  return data;
}

int main(void)
{
  pthread_t thread;
  pthread_create(&thread, NULL, test_func, NULL);
  pthread_detach(thread);
  pthread_join(thread, NULL);
  pthread_atfork(NULL, NULL, NULL);
  pthread_exit(NULL);

  return 0;
}

Determining if the function pthread_create exists in the pthreads failed with the following output:
Change Dir: /home/pc/work/code_view/whayer_work/Atlas200dk_Server/AtlasServer/cmake-build-debug-atlas200dk/CMakeFiles/CMakeTmp

Run Build Command(s):/usr/bin/make cmTC_744d1/fast && /usr/bin/make -f CMakeFiles/cmTC_744d1.dir/build.make CMakeFiles/cmTC_744d1.dir/build
make[1]: Entering directory '/home/pc/work/code_view/whayer_work/Atlas200dk_Server/AtlasServer/cmake-build-debug-atlas200dk/CMakeFiles/CMakeTmp'
Building C object CMakeFiles/cmTC_744d1.dir/CheckFunctionExists.c.o
/usr/bin/aarch64-linux-gnu-gcc   -DCHECK_FUNCTION_EXISTS=pthread_create   -o CMakeFiles/cmTC_744d1.dir/CheckFunctionExists.c.o   -c /home/pc/software/Clion/clion-2019.3.4/bin/cmake/linux/share/cmake-3.15/Modules/CheckFunctionExists.c
Linking C executable cmTC_744d1
/home/pc/software/Clion/clion-2019.3.4/bin/cmake/linux/bin/cmake -E cmake_link_script CMakeFiles/cmTC_744d1.dir/link.txt --verbose=1
/usr/bin/aarch64-linux-gnu-gcc  -DCHECK_FUNCTION_EXISTS=pthread_create    -rdynamic CMakeFiles/cmTC_744d1.dir/CheckFunctionExists.c.o  -o cmTC_744d1 -lpthreads 
/usr/lib/gcc-cross/aarch64-linux-gnu/5/../../../../aarch64-linux-gnu/bin/ld: 找不到 -lpthreads
collect2: error: ld returned 1 exit status
CMakeFiles/cmTC_744d1.dir/build.make:86: recipe for target 'cmTC_744d1' failed
make[1]: *** [cmTC_744d1] Error 1
make[1]: Leaving directory '/home/pc/work/code_view/whayer_work/Atlas200dk_Server/AtlasServer/cmake-build-debug-atlas200dk/CMakeFiles/CMakeTmp'
Makefile:121: recipe for target 'cmTC_744d1/fast' failed
make: *** [cmTC_744d1/fast] Error 2



